<?xml version="1.0" encoding="UTF-8"?>
<!-- Generated by org.testng.reporters.JUnitReportReporter -->
<testsuite hostname="MANOJROG" failures="0" tests="1" name="question.inter.InterQuestion" time="0.014" errors="0" timestamp="2022-07-18T22:28:18 IST" skipped="0">
  <testcase classname="question.inter.InterQuestion" name="numberCount" time="0.014"/>
  <system-out/>
</testsuite> <!-- question.inter.InterQuestion -->
