<?xml version="1.0" encoding="UTF-8"?>
<!-- Generated by org.testng.reporters.JUnitReportReporter -->
<testsuite hostname="MANOJROG" failures="0" tests="1" name="question.inter.InterviewQuestion2" time="0.014" errors="0" timestamp="2022-07-19T17:41:18 IST" skipped="0">
  <testcase classname="question.inter.InterviewQuestion2" name="ques1" time="0.014"/>
  <system-out/>
</testsuite> <!-- question.inter.InterviewQuestion2 -->
